<?xml version="1.0" encoding="UTF-8"?>
<!-- Generated by org.testng.reporters.JUnitXMLReporter -->
<testsuite hostname="Yvonnes-MBP" ignored="0" name="Default test" tests="6" failures="0" timestamp="24 May 2019 20:51:36 GMT" time="6.285" errors="0">
  <testcase name="checkContentEncoding" time="0.052" classname="com.employeeapi.testcases.TC005_Delete_Employee_Record"/>
  <testcase name="checkContentType" time="0.004" classname="com.employeeapi.testcases.TC005_Delete_Employee_Record"/>
  <testcase name="checkResponseBody" time="0.005" classname="com.employeeapi.testcases.TC005_Delete_Employee_Record"/>
  <testcase name="checkServerType" time="0.002" classname="com.employeeapi.testcases.TC005_Delete_Employee_Record"/>
  <testcase name="checkStatusCode" time="0.001" classname="com.employeeapi.testcases.TC005_Delete_Employee_Record"/>
  <testcase name="checkStatusLine" time="0.003" classname="com.employeeapi.testcases.TC005_Delete_Employee_Record"/>
</testsuite> <!-- Default test -->
