<?xml version="1.0" encoding="UTF-8"?>
<!-- Generated by org.testng.reporters.JUnitXMLReporter -->
<testsuite hostname="Yvonnes-MBP" ignored="0" name="employeeRestAssured" tests="34" failures="0" timestamp="24 May 2019 22:01:21 GMT" time="21.682" errors="0">
  <testcase name="checkContentEncoding" time="0.012" classname="com.employeeapi.testcases.TC001_Get_All_Employees"/>
  <testcase name="checkContentLength" time="0.085" classname="com.employeeapi.testcases.TC001_Get_All_Employees"/>
  <testcase name="checkContentType" time="0.01" classname="com.employeeapi.testcases.TC001_Get_All_Employees"/>
  <testcase name="checkCookies" time="0.006" classname="com.employeeapi.testcases.TC001_Get_All_Employees"/>
  <testcase name="checkRespomseTime" time="0.003" classname="com.employeeapi.testcases.TC001_Get_All_Employees"/>
  <testcase name="checkResponseBody" time="0.08" classname="com.employeeapi.testcases.TC001_Get_All_Employees"/>
  <testcase name="checkServerType" time="0.003" classname="com.employeeapi.testcases.TC001_Get_All_Employees"/>
  <testcase name="checkStatusCode" time="0.007" classname="com.employeeapi.testcases.TC001_Get_All_Employees"/>
  <testcase name="checkStatusLine" time="0.004" classname="com.employeeapi.testcases.TC001_Get_All_Employees"/>
  <testcase name="checkContentLength" time="0.002" classname="com.employeeapi.testcases.TC002_Get_Single_Employee_Record"/>
  <testcase name="checkContentType" time="0.067" classname="com.employeeapi.testcases.TC002_Get_Single_Employee_Record"/>
  <testcase name="checkResponseBody" time="0.003" classname="com.employeeapi.testcases.TC002_Get_Single_Employee_Record"/>
  <testcase name="checkResponseTime" time="0.003" classname="com.employeeapi.testcases.TC002_Get_Single_Employee_Record"/>
  <testcase name="checkServerType" time="0.003" classname="com.employeeapi.testcases.TC002_Get_Single_Employee_Record"/>
  <testcase name="checkStatusCode" time="0.003" classname="com.employeeapi.testcases.TC002_Get_Single_Employee_Record"/>
  <testcase name="checkStatusLine" time="0.003" classname="com.employeeapi.testcases.TC002_Get_Single_Employee_Record"/>
  <testcase name="checkContentEncoding" time="0.002" classname="com.employeeapi.testcases.TC003_Post_Employee_Records"/>
  <testcase name="checkContentType" time="0.003" classname="com.employeeapi.testcases.TC003_Post_Employee_Records"/>
  <testcase name="checkResponeBody" time="0.001" classname="com.employeeapi.testcases.TC003_Post_Employee_Records"/>
  <testcase name="checkServerType" time="0.001" classname="com.employeeapi.testcases.TC003_Post_Employee_Records"/>
  <testcase name="checkStatusCode" time="0.002" classname="com.employeeapi.testcases.TC003_Post_Employee_Records"/>
  <testcase name="checkStatusLine" time="0.001" classname="com.employeeapi.testcases.TC003_Post_Employee_Records"/>
  <testcase name="checkContentEncoding" time="0.005" classname="com.employeeapi.testcases.TC004_Put_Employee_Record"/>
  <testcase name="checkContentType" time="0.002" classname="com.employeeapi.testcases.TC004_Put_Employee_Record"/>
  <testcase name="checkResponeBody" time="0.003" classname="com.employeeapi.testcases.TC004_Put_Employee_Record"/>
  <testcase name="checkServerType" time="0.003" classname="com.employeeapi.testcases.TC004_Put_Employee_Record"/>
  <testcase name="checkStatusCode" time="0.002" classname="com.employeeapi.testcases.TC004_Put_Employee_Record"/>
  <testcase name="checkStatusLine" time="0.002" classname="com.employeeapi.testcases.TC004_Put_Employee_Record"/>
  <testcase name="checkContentEncoding" time="0.003" classname="com.employeeapi.testcases.TC005_Delete_Employee_Record"/>
  <testcase name="checkContentType" time="0.002" classname="com.employeeapi.testcases.TC005_Delete_Employee_Record"/>
  <testcase name="checkResponseBody" time="0.002" classname="com.employeeapi.testcases.TC005_Delete_Employee_Record"/>
  <testcase name="checkServerType" time="0.012" classname="com.employeeapi.testcases.TC005_Delete_Employee_Record"/>
  <testcase name="checkStatusCode" time="0.005" classname="com.employeeapi.testcases.TC005_Delete_Employee_Record"/>
  <testcase name="checkStatusLine" time="0.006" classname="com.employeeapi.testcases.TC005_Delete_Employee_Record"/>
</testsuite> <!-- employeeRestAssured -->
